<?xml version="1.0" encoding="UTF-8"?>
<!-- Generated by org.testng.reporters.JUnitReportReporter -->
<testsuite hostname="DESKTOP-H0PI4DT" failures="0" tests="1" name="readDataFromTextFileExample.ReadDataTextFile2" time="63.286" errors="0" timestamp="2022-09-22T15:31:13 IST" skipped="0">
  <testcase classname="readDataFromTextFileExample.ReadDataTextFile2" name="searchAmazon" time="63.286"/>
</testsuite> <!-- readDataFromTextFileExample.ReadDataTextFile2 -->
