<?xml version="1.0" encoding="UTF-8"?>
<!-- Generated by org.testng.reporters.JUnitReportReporter -->
<testsuite hostname="DESKTOP-H0PI4DT" failures="0" tests="1" name="wait_Element.WebElement_AlertPresent" time="15.816" errors="0" timestamp="2022-09-16T18:00:17 IST" skipped="0">
  <testcase classname="wait_Element.WebElement_AlertPresent" name="ListBox_Handling" time="15.816"/>
</testsuite> <!-- wait_Element.WebElement_AlertPresent -->
