<?xml version="1.0" encoding="UTF-8"?>
<!-- Generated by org.testng.reporters.JUnitReportReporter -->
<testsuite hostname="DESKTOP-H0PI4DT" failures="0" tests="1" name="fileUpload.File_guru99_upload" time="7.187" errors="0" timestamp="2022-09-20T15:12:35 IST" skipped="0">
  <testcase classname="fileUpload.File_guru99_upload" name="verifyFileUpload" time="7.187"/>
</testsuite> <!-- fileUpload.File_guru99_upload -->
