<?xml version="1.0" encoding="UTF-8"?>
<!-- Generated by org.testng.reporters.JUnitReportReporter -->
<testsuite hostname="DESKTOP-H0PI4DT" failures="0" tests="1" name="fileUpload.File_JQuery" time="5.110" errors="0" timestamp="2022-09-20T15:33:40 IST" skipped="0">
  <testcase classname="fileUpload.File_JQuery" name="verifyFileUpload" time="5.110"/>
</testsuite> <!-- fileUpload.File_JQuery -->
