<?xml version="1.0" encoding="UTF-8"?>
<!-- Generated by org.testng.reporters.JUnitReportReporter -->
<testsuite hostname="DESKTOP-H0PI4DT" failures="0" tests="1" name="xpathAsixExample.xpath_axis_example" time="12.017" errors="0" timestamp="2022-09-16T16:16:22 IST" skipped="0">
  <testcase classname="xpathAsixExample.xpath_axis_example" name="XPATHAsix" time="12.017"/>
</testsuite> <!-- xpathAsixExample.xpath_axis_example -->
