<?xml version="1.0" encoding="UTF-8"?>
<!-- Generated by org.testng.reporters.JUnitReportReporter -->
<testsuite hostname="DESKTOP-H0PI4DT" failures="0" tests="1" name="fileUpload.File_Monster" time="5.674" errors="0" timestamp="2022-09-20T15:29:59 IST" skipped="0">
  <testcase classname="fileUpload.File_Monster" name="verifyFileUpload" time="5.674"/>
</testsuite> <!-- fileUpload.File_Monster -->
