<?xml version="1.0" encoding="UTF-8"?>
<!-- Generated by org.testng.reporters.JUnitReportReporter -->
<testsuite hostname="DESKTOP-H0PI4DT" failures="0" tests="1" name="actionExample.AmazonWishlist" time="7.988" errors="0" timestamp="2022-09-16T16:41:10 IST" skipped="0">
  <testcase classname="actionExample.AmazonWishlist" name="verifyWishList" time="7.988"/>
</testsuite> <!-- actionExample.AmazonWishlist -->
