<?xml version="1.0" encoding="UTF-8"?>
<!-- Generated by org.testng.reporters.JUnitReportReporter -->
<testsuite hostname="DESKTOP-H0PI4DT" failures="0" tests="1" name="openCSV.ReadDataUsingOpenCSV" time="17.059" errors="0" timestamp="2022-09-22T15:22:33 IST" skipped="0">
  <testcase classname="openCSV.ReadDataUsingOpenCSV" name="dataRead_CSV" time="17.059"/>
</testsuite> <!-- openCSV.ReadDataUsingOpenCSV -->
