<?xml version="1.0" encoding="UTF-8"?>
<!-- Generated by org.testng.reporters.JUnitReportReporter -->
<testsuite hostname="DESKTOP-H0PI4DT" failures="0" tests="1" name="handleAlert.HandleModel" time="4.850" errors="0" timestamp="2022-09-22T14:55:27 IST" skipped="0">
  <testcase classname="handleAlert.HandleModel" name="verifyModelTest" time="4.850"/>
</testsuite> <!-- handleAlert.HandleModel -->
