<?xml version="1.0" encoding="UTF-8"?>
<!-- Generated by org.testng.reporters.JUnitReportReporter -->
<testsuite hostname="DESKTOP-H0PI4DT" failures="0" tests="1" name="actionExample.DragDropTest" time="1.050" errors="0" timestamp="2022-09-15T17:36:12 IST" skipped="0">
  <testcase classname="actionExample.DragDropTest" name="drag_drop_test" time="1.050"/>
</testsuite> <!-- actionExample.DragDropTest -->
