<?xml version="1.0" encoding="UTF-8"?>
<!-- Generated by org.testng.reporters.JUnitReportReporter -->
<testsuite hostname="DESKTOP-H0PI4DT" failures="0" tests="1" name="windowExample.IRCTCExample" time="23.695" errors="0" timestamp="2022-09-15T16:21:30 IST" skipped="0">
  <testcase classname="windowExample.IRCTCExample" name="verifyFrameTest" time="23.695"/>
</testsuite> <!-- windowExample.IRCTCExample -->
