<?xml version="1.0" encoding="UTF-8"?>
<!-- Generated by org.testng.reporters.JUnitReportReporter -->
<testsuite hostname="DESKTOP-H0PI4DT" failures="0" tests="3" name="logExample.NOPComm" time="16.048" errors="0" timestamp="2022-09-16T17:02:08 IST" skipped="0">
  <testcase classname="logExample.NOPComm" name="verifyLogin" time="6.205"/>
  <testcase classname="logExample.NOPComm" name="verifyAppTitle" time="6.021"/>
  <testcase classname="logExample.NOPComm" name="verifyLogout" time="3.822"/>
</testsuite> <!-- logExample.NOPComm -->
