<?xml version="1.0" encoding="UTF-8"?>
<!-- Generated by org.testng.reporters.JUnitReportReporter -->
<testsuite hostname="DESKTOP-H0PI4DT" failures="0" tests="1" name="readDataFromTextFileExample.ReadDataTextFile" time="21.543" errors="0" timestamp="2022-09-22T15:27:58 IST" skipped="0">
  <testcase classname="readDataFromTextFileExample.ReadDataTextFile" name="searchAmazon" time="21.543"/>
</testsuite> <!-- readDataFromTextFileExample.ReadDataTextFile -->
