<?xml version="1.0" encoding="UTF-8"?>
<!-- Generated by org.testng.reporters.JUnitReportReporter -->
<testsuite hostname="DESKTOP-H0PI4DT" failures="0" tests="1" name="tests.LoginTest" time="8.890" errors="0" timestamp="2022-09-19T16:18:35 IST" skipped="0">
  <testcase classname="tests.LoginTest" name="verifyLogin" time="8.890"/>
</testsuite> <!-- tests.LoginTest -->
