<?xml version="1.0" encoding="UTF-8"?>
<!-- Generated by org.testng.reporters.JUnitReportReporter -->
<testsuite hostname="DESKTOP-H0PI4DT" failures="0" tests="1" name="pdfbox.PDFReader" time="0.550" errors="0" timestamp="2022-09-20T10:11:02 IST" skipped="0">
  <testcase classname="pdfbox.PDFReader" name="ReadPDFFile" time="0.550"/>
</testsuite> <!-- pdfbox.PDFReader -->
