<?xml version="1.0" encoding="UTF-8"?>
<!-- Generated by org.testng.reporters.JUnitReportReporter -->
<testsuite hostname="DESKTOP-H0PI4DT" failures="0" tests="2" name="handleAlert.HandleListTest" time="7.803" errors="0" timestamp="2022-09-15T18:05:01 IST" skipped="0">
  <testcase classname="handleAlert.HandleListTest" name="list2" time="4.317"/>
  <testcase classname="handleAlert.HandleListTest" name="list1" time="3.486"/>
</testsuite> <!-- handleAlert.HandleListTest -->
