<?xml version="1.0" encoding="UTF-8"?>
<!-- Generated by org.testng.reporters.JUnitReportReporter -->
<testsuite hostname="DESKTOP-H0PI4DT" failures="0" tests="1" name="frameExample.PayTMIFrameExample" time="4.889" errors="0" timestamp="2022-09-15T15:12:04 IST" skipped="0">
  <testcase classname="frameExample.PayTMIFrameExample" name="verifyFrameTest" time="4.889"/>
</testsuite> <!-- frameExample.PayTMIFrameExample -->
