<?xml version="1.0" encoding="UTF-8"?>
<!-- Generated by org.testng.reporters.JUnitReportReporter -->
<testsuite hostname="DESKTOP-H0PI4DT" failures="0" tests="1" name="takeScreenshotExample.AmazonTest" time="7.403" errors="0" timestamp="2022-09-21T17:37:37 IST" skipped="0">
  <testcase classname="takeScreenshotExample.AmazonTest" name="searchTest" time="7.403"/>
</testsuite> <!-- takeScreenshotExample.AmazonTest -->
