<?xml version="1.0" encoding="UTF-8"?>
<!-- Generated by org.testng.reporters.JUnitReportReporter -->
<testsuite hostname="DESKTOP-H0PI4DT" failures="0" tests="1" name="actionExample.RightClickDoubleClickTest" time="8.780" errors="0" timestamp="2022-09-15T17:18:46 IST" skipped="0">
  <testcase classname="actionExample.RightClickDoubleClickTest" name="DoubleClickTest" time="8.780"/>
</testsuite> <!-- actionExample.RightClickDoubleClickTest -->
