<?xml version="1.0" encoding="UTF-8"?>
<!-- Generated by org.testng.reporters.JUnitReportReporter -->
<testsuite hostname="DESKTOP-H0PI4DT" failures="0" tests="1" name="testScripts.DatePickerTests" time="7.456" errors="0" timestamp="2022-09-22T15:50:19 IST" skipped="0">
  <testcase classname="testScripts.DatePickerTests" name="turkishAirlinesDatePicker" time="7.456"/>
</testsuite> <!-- testScripts.DatePickerTests -->
