<?xml version="1.0" encoding="UTF-8"?>
<!-- Generated by org.testng.reporters.JUnitReportReporter -->
<testsuite hostname="DESKTOP-H0PI4DT" failures="0" tests="1" name="jScript_example.HighLight_elements" time="15.149" errors="0" timestamp="2022-09-16T16:28:53 IST" skipped="0">
  <testcase classname="jScript_example.HighLight_elements" name="Text" time="15.149"/>
</testsuite> <!-- jScript_example.HighLight_elements -->
